0 info it worked if it ends with ok
1 verbose cli [ '/Users/baidu/.nvm/versions/node/v4.2.4/bin/node',
1 verbose cli   '/Users/baidu/.nvm/versions/node/v4.2.4/bin/npm',
1 verbose cli   'publish',
1 verbose cli   '--force' ]
2 info using npm@2.14.12
3 info using node@v4.2.4
4 warn using --force I sure hope you know what you are doing.
5 verbose publish [ '.' ]
6 silly cache add args [ '.', null ]
7 verbose cache add spec .
8 silly cache add parsed spec Result {
8 silly cache add   raw: '.',
8 silly cache add   scope: null,
8 silly cache add   name: null,
8 silly cache add   rawSpec: '.',
8 silly cache add   spec: '/Users/baidu/Code/node/getpost',
8 silly cache add   type: 'directory' }
9 verbose addLocalDirectory /Users/baidu/.npm/getpost/0.0.4/package.tgz not in flight; packing
10 verbose tar pack [ '/Users/baidu/.npm/getpost/0.0.4/package.tgz',
10 verbose tar pack   '/Users/baidu/Code/node/getpost' ]
11 verbose tarball /Users/baidu/.npm/getpost/0.0.4/package.tgz
12 verbose folder /Users/baidu/Code/node/getpost
13 info prepublish getpost@0.0.4
14 verbose addLocalTarball adding from inside cache /Users/baidu/.npm/getpost/0.0.4/package.tgz
15 silly cache afterAdd getpost@0.0.4
16 verbose afterAdd /Users/baidu/.npm/getpost/0.0.4/package/package.json not in flight; writing
17 verbose afterAdd /Users/baidu/.npm/getpost/0.0.4/package/package.json written
18 silly publish { name: 'getpost',
18 silly publish   version: '0.0.4',
18 silly publish   description: 'get or post a url by command line',
18 silly publish   scripts: { test: 'echo "Error: no test specified" && exit 1' },
18 silly publish   keywords: [ 'get', 'post', 'commandline' ],
18 silly publish   author: { name: 'homfen', url: 'homfen@gmail.com' },
18 silly publish   license: 'ISC',
18 silly publish   preferGlobal: true,
18 silly publish   bin: { getpost: 'index.js' },
18 silly publish   dependencies: { request: '^2.67.0' },
18 silly publish   repository:
18 silly publish    { type: 'git',
18 silly publish      url: 'git+https://github.com/homfen/getpost.git' },
18 silly publish   readme: 'get or post a url by command line\n\n## Install\nnpm install -g getpost\n\n## Use\nGet: getpost g http://www.example.com?query=xxxxx\n\nPost: getpost p http://www.example.com?query=xxxxx\n',
18 silly publish   readmeFilename: 'README.md',
18 silly publish   gitHead: 'a008c2712f5e3345e4240926e811e3e41c28e525',
18 silly publish   bugs: { url: 'https://github.com/homfen/getpost/issues' },
18 silly publish   homepage: 'https://github.com/homfen/getpost#readme',
18 silly publish   _id: 'getpost@0.0.4',
18 silly publish   _shasum: '6d16fe7220a57d55485f923a7a50ca99b0caf637',
18 silly publish   _from: '.' }
19 verbose getPublishConfig undefined
20 silly mapToRegistry name getpost
21 silly mapToRegistry using default registry
22 silly mapToRegistry registry https://registry.npmjs.org/
23 silly mapToRegistry uri https://registry.npmjs.org/getpost
24 verbose publish registryBase https://registry.npmjs.org/
25 silly publish uploading /Users/baidu/.npm/getpost/0.0.4/package.tgz
26 verbose request uri https://registry.npmjs.org/getpost
27 verbose request sending authorization for write operation
28 info attempt registry request try #1 at 10:40:20 PM
29 verbose request using bearer token for auth
30 verbose request id 2645881786a2aa60
31 http request PUT https://registry.npmjs.org/getpost
32 http 403 https://registry.npmjs.org/getpost
33 verbose headers { 'content-type': 'application/json',
33 verbose headers   'cache-control': 'max-age=300',
33 verbose headers   'content-length': '95',
33 verbose headers   'accept-ranges': 'bytes',
33 verbose headers   date: 'Sun, 10 Jan 2016 14:40:21 GMT',
33 verbose headers   via: '1.1 varnish',
33 verbose headers   connection: 'keep-alive',
33 verbose headers   'x-served-by': 'cache-itm7427-ITM',
33 verbose headers   'x-cache': 'MISS',
33 verbose headers   'x-cache-hits': '0',
33 verbose headers   'x-timer': 'S1452436820.624990,VS0,VE570' }
34 verbose request invalidating /Users/baidu/.npm/registry.npmjs.org/getpost on PUT
35 error publish Failed PUT 403
36 verbose stack Error: "You cannot publish over the previously published version 0.0.4." : getpost
36 verbose stack     at makeError (/Users/baidu/.nvm/versions/node/v4.2.4/lib/node_modules/npm/node_modules/npm-registry-client/lib/request.js:264:12)
36 verbose stack     at CachingRegistryClient.<anonymous> (/Users/baidu/.nvm/versions/node/v4.2.4/lib/node_modules/npm/node_modules/npm-registry-client/lib/request.js:252:14)
36 verbose stack     at Request._callback (/Users/baidu/.nvm/versions/node/v4.2.4/lib/node_modules/npm/node_modules/npm-registry-client/lib/request.js:172:14)
36 verbose stack     at Request.self.callback (/Users/baidu/.nvm/versions/node/v4.2.4/lib/node_modules/npm/node_modules/request/request.js:198:22)
36 verbose stack     at emitTwo (events.js:87:13)
36 verbose stack     at Request.emit (events.js:172:7)
36 verbose stack     at Request.<anonymous> (/Users/baidu/.nvm/versions/node/v4.2.4/lib/node_modules/npm/node_modules/request/request.js:1082:10)
36 verbose stack     at emitOne (events.js:82:20)
36 verbose stack     at Request.emit (events.js:169:7)
36 verbose stack     at IncomingMessage.<anonymous> (/Users/baidu/.nvm/versions/node/v4.2.4/lib/node_modules/npm/node_modules/request/request.js:1009:12)
37 verbose statusCode 403
38 verbose pkgid getpost
39 verbose cwd /Users/baidu/Code/node/getpost
40 error Darwin 15.2.0
41 error argv "/Users/baidu/.nvm/versions/node/v4.2.4/bin/node" "/Users/baidu/.nvm/versions/node/v4.2.4/bin/npm" "publish" "--force"
42 error node v4.2.4
43 error npm  v2.14.12
44 error code E403
45 error "You cannot publish over the previously published version 0.0.4." : getpost
46 error If you need help, you may report this error at:
46 error     <https://github.com/npm/npm/issues>
47 verbose exit [ 1, true ]
